#
# A fatal error has been detected by the Java Runtime Environment:
#
#  EXCEPTION_ACCESS_VIOLATION (0xc0000005) at pc=0x000000005fa94e0e, pid=1052, tid=0x0000000000002abc
#
# JRE version: OpenJDK Runtime Environment (8.0_242-b01) (build 1.8.0_242-release-1644-b01)
# Java VM: OpenJDK 64-Bit Server VM (25.242-b01 mixed mode windows-amd64 compressed oops)
# Problematic frame:
# V  [jvm.dll+0x104e0e]
#
# Failed to write core dump. Minidumps are not enabled by default on client versions of Windows
#
# If you would like to submit a bug report, please visit:
#   
#

---------------  T H R E A D  ---------------

Current thread (0x000000001621e000):  JavaThread "C2 CompilerThread1" daemon [_thread_in_vm, id=10940, stack(0x0000000017d50000,0x0000000017e50000)]

siginfo: ExceptionCode=0xc0000005, reading address 0x0000000000000000

Registers:
RAX=0x000000001b8c2190, RBX=0x0000000000000000, RCX=0x52aece692ece0000, RDX=0x0000000000000000
RSP=0x0000000017e4d570, RBP=0x0000000002798ea0, RSI=0x000000001621e000, RDI=0x0000000002796d70
R8 =0x000000000000000f, R9 =0x000000000000000f, R10=0x000000000000000a, R11=0x000000001b8c2190
R12=0x0000000002798ea0, R13=0x0000000000000000, R14=0x0000000000000010, R15=0x000000001b8c2190
RIP=0x000000005fa94e0e, EFLAGS=0x0000000000010206

Top of Stack: (sp=0x0000000017e4d570)
0x0000000017e4d570:   0000000002798ea0 000000005fa29e5f
0x0000000017e4d580:   0000000017e4d900 0000000000000000
0x0000000017e4d590:   000000001b8be390 0000000000000000
0x0000000017e4d5a0:   0000000002798ea0 000000005fa2a3fe
0x0000000017e4d5b0:   0000000000000000 00000000161853b0
0x0000000017e4d5c0:   000000001621e000 0000000002796d70
0x0000000017e4d5d0:   00000001002d6288 0000000000000000
0x0000000017e4d5e0:   0000000000000000 000000001621e000
0x0000000017e4d5f0:   00000000000083b0 000000001b8c6378
0x0000000017e4d600:   000000001621e000 0000000000000000
0x0000000017e4d610:   0000000000000000 0000000000000000
0x0000000017e4d620:   0000000000000000 0000000000000000
0x0000000017e4d630:   0000000000000000 0000000000000000
0x0000000017e4d640:   0000000000000000 000000005f9e384c
0x0000000017e4d650:   00000000161c8ab0 00000000161c8ab0
0x0000000017e4d660:   00000000161c8ab8 0000000017e4d900 

Instructions: (pc=0x000000005fa94e0e)
0x000000005fa94dee:   18 48 89 7c 24 20 41 54 41 55 41 56 48 83 ec 20
0x000000005fa94dfe:   4d 8b e8 48 8b ea e8 37 b7 ff ff 44 0f b7 75 00
0x000000005fa94e0e:   45 0f b7 65 00 48 83 c9 ff 48 8b d8 33 c0 45 03
0x000000005fa94e1e:   e6 48 8b fb f2 ae 48 f7 d1 44 03 e1 48 8d 71 ff 


Register to memory mapping:

RAX=0x000000001b8c2190 is an unknown value
RBX=0x0000000000000000 is an unknown value
RCX=0x52aece692ece0000 is an unknown value
RDX=0x0000000000000000 is an unknown value
RSP=0x0000000017e4d570 is pointing into the stack for thread: 0x000000001621e000
RBP=0x0000000002798ea0 is an unknown value
RSI=0x000000001621e000 is a thread
RDI=0x0000000002796d70 is an unknown value
R8 =0x000000000000000f is an unknown value
R9 =0x000000000000000f is an unknown value
R10=0x000000000000000a is an unknown value
R11=0x000000001b8c2190 is an unknown value
R12=0x0000000002798ea0 is an unknown value
R13=0x0000000000000000 is an unknown value
R14=0x0000000000000010 is an unknown value
R15=0x000000001b8c2190 is an unknown value


Stack: [0x0000000017d50000,0x0000000017e50000],  sp=0x0000000017e4d570,  free space=1013k
Native frames: (J=compiled Java code, j=interpreted, Vv=VM code, C=native code)
V  [jvm.dll+0x104e0e]
V  [jvm.dll+0x9a3fe]
V  [jvm.dll+0x9b4c3]
V  [jvm.dll+0x9b995]
V  [jvm.dll+0xbcc1]
V  [jvm.dll+0xbfeb]
V  [jvm.dll+0xc14a]
V  [jvm.dll+0x23cba]
V  [jvm.dll+0x265f0]
V  [jvm.dll+0x27d95]
V  [jvm.dll+0x2900a]
V  [jvm.dll+0x29f0c]
V  [jvm.dll+0x2a31b]
V  [jvm.dll+0x2a43e]
V  [jvm.dll+0x13ffe]
V  [jvm.dll+0x429d2e]
V  [jvm.dll+0x42b206]
V  [jvm.dll+0x447c20]
V  [jvm.dll+0x42b072]
V  [jvm.dll+0x8230f]
V  [jvm.dll+0x82c7f]
V  [jvm.dll+0x220b7f]
V  [jvm.dll+0x27276a]
C  [msvcr100.dll+0x21d9f]
C  [msvcr100.dll+0x21e3b]
C  [KERNEL32.DLL+0x17034]
C  [ntdll.dll+0x52651]


Current CompileTask:
C2:10543201 17499       4       org.gradle.model.internal.type.ClassTypeWrapper::isAssignableFrom (14 bytes)


---------------  P R O C E S S  ---------------

Java Threads: ( => current thread )
  0x000000001c4a2000 JavaThread "Task worker for ':' Thread 3" [_thread_blocked, id=13920, stack(0x00000000244f0000,0x00000000245f0000)]
  0x000000001c4a0800 JavaThread "Task worker for ':' Thread 2" [_thread_blocked, id=11804, stack(0x0000000023df0000,0x0000000023ef0000)]
  0x000000001e373000 JavaThread "Task worker for ':'" [_thread_blocked, id=1828, stack(0x0000000023cf0000,0x0000000023df0000)]
  0x000000001e372000 JavaThread "Cache worker for Build Output Cleanup Cache (C:\Users\Admin\Desktop\doantonghop_1711060420\Android\.gradle\buildOutputCleanup)" [_thread_blocked, id=12512, stack(0x00000000233f0000,0x00000000234f0000)]
  0x000000001e371800 JavaThread "Cache worker for task history cache (C:\Users\Admin\Desktop\doantonghop_1711060420\Android\.gradle\4.6\taskHistory)" [_thread_blocked, id=12920, stack(0x0000000022ef0000,0x0000000022ff0000)]
  0x000000001e370800 JavaThread "Cache worker for file content cache (C:\Users\Admin\Desktop\doantonghop_1711060420\Android\.gradle\4.6\fileContent)" [_thread_blocked, id=15220, stack(0x0000000022cf0000,0x0000000022df0000)]
  0x000000001e370000 JavaThread "Build operations Thread 4" [_thread_blocked, id=8264, stack(0x0000000020250000,0x0000000020350000)]
  0x000000001e367800 JavaThread "Build operations Thread 3" [_thread_blocked, id=1340, stack(0x0000000020150000,0x0000000020250000)]
  0x000000001e36e800 JavaThread "Build operations Thread 2" [_thread_blocked, id=11372, stack(0x000000001ff50000,0x0000000020050000)]
  0x000000001e368800 JavaThread "Build operations" [_thread_blocked, id=1964, stack(0x000000001fe50000,0x000000001ff50000)]
  0x000000001e367000 JavaThread "Cache worker for Artifact transforms cache (C:\Users\Admin\.gradle\caches\transforms-1)" [_thread_blocked, id=14492, stack(0x000000001fd50000,0x000000001fe50000)]
  0x000000001e36d800 JavaThread "Cache worker for file hash cache (C:\Users\Admin\Desktop\doantonghop_1711060420\Android\.gradle\4.6\fileHashes)" [_thread_blocked, id=9272, stack(0x000000001ebb0000,0x000000001ecb0000)]
  0x000000001e36d000 JavaThread "Stdin handler" [_thread_blocked, id=12572, stack(0x000000001e610000,0x000000001e710000)]
  0x000000001e36a800 JavaThread "Asynchronous log dispatcher for DefaultDaemonConnection: socket connection from /127.0.0.1:50836 to /127.0.0.1:53806" [_thread_blocked, id=6624, stack(0x000000001cd40000,0x000000001ce40000)]
  0x000000001e366000 JavaThread "Daemon worker Thread 4" [_thread_in_native, id=13208, stack(0x000000001a6a0000,0x000000001a7a0000)]
  0x000000001e364800 JavaThread "Cancel handler" [_thread_blocked, id=5448, stack(0x000000001a5a0000,0x000000001a6a0000)]
  0x000000001e365800 JavaThread "Handler for socket connection from /127.0.0.1:50836 to /127.0.0.1:53806" [_thread_in_native, id=8028, stack(0x000000001a2a0000,0x000000001a3a0000)]
  0x000000001e364000 JavaThread "Daemon Thread 4" [_thread_blocked, id=8996, stack(0x000000001a1a0000,0x000000001a2a0000)]
  0x000000001bb2d000 JavaThread "Memory manager" [_thread_blocked, id=8148, stack(0x0000000020950000,0x0000000020a50000)]
  0x000000001bb30000 JavaThread "pool-1-thread-1" [_thread_blocked, id=7868, stack(0x0000000002550000,0x0000000002650000)]
  0x0000000019399000 JavaThread "File lock request listener" [_thread_in_native, id=1256, stack(0x000000001bc70000,0x000000001bd70000)]
  0x0000000019398800 JavaThread "Cache worker for file hash cache (C:\Users\Admin\.gradle\caches\4.6\fileHashes)" [_thread_blocked, id=7520, stack(0x000000001aba0000,0x000000001aca0000)]
  0x00000000192d2000 JavaThread "Daemon periodic checks" [_thread_blocked, id=11528, stack(0x000000001a0a0000,0x000000001a1a0000)]
  0x00000000192d1000 JavaThread "Incoming local TCP Connector on port 50836" [_thread_in_native, id=13792, stack(0x0000000019e60000,0x0000000019f60000)]
  0x0000000017958000 JavaThread "Service Thread" daemon [_thread_blocked, id=904, stack(0x0000000017f50000,0x0000000018050000)]
  0x0000000017952800 JavaThread "C1 CompilerThread2" daemon [_thread_blocked, id=13760, stack(0x0000000017e50000,0x0000000017f50000)]
=>0x000000001621e000 JavaThread "C2 CompilerThread1" daemon [_thread_in_vm, id=10940, stack(0x0000000017d50000,0x0000000017e50000)]
  0x00000000161c4000 JavaThread "C2 CompilerThread0" daemon [_thread_in_native, id=9460, stack(0x0000000017850000,0x0000000017950000)]
  0x00000000161c7800 JavaThread "Attach Listener" daemon [_thread_blocked, id=5640, stack(0x0000000017750000,0x0000000017850000)]
  0x00000000161c6800 JavaThread "Signal Dispatcher" daemon [_thread_blocked, id=12372, stack(0x0000000017650000,0x0000000017750000)]
  0x000000000284b800 JavaThread "Finalizer" daemon [_thread_blocked, id=10420, stack(0x0000000017450000,0x0000000017550000)]
  0x00000000161a9000 JavaThread "Reference Handler" daemon [_thread_blocked, id=3224, stack(0x0000000017350000,0x0000000017450000)]
  0x0000000000d0e000 JavaThread "main" [_thread_blocked, id=11148, stack(0x0000000002650000,0x0000000002750000)]

Other Threads:
  0x0000000016186800 VMThread [stack: 0x0000000017250000,0x0000000017350000] [id=7976]
  0x0000000017959000 WatcherThread [stack: 0x0000000018050000,0x0000000018150000] [id=14232]

VM state:not at safepoint (normal execution)

VM Mutex/Monitor currently owned by a thread: None

heap address: 0x00000000a0000000, size: 1536 MB, Compressed Oops mode: 32-bit
Narrow klass base: 0x0000000000000000, Narrow klass shift: 3
Compressed class space size: 1073741824 Address: 0x0000000100000000

Heap:
 PSYoungGen      total 186880K, used 60792K [0x00000000e0000000, 0x00000000ed200000, 0x0000000100000000)
  eden space 178176K, 30% used [0x00000000e0000000,0x00000000e35116f0,0x00000000eae00000)
  from space 8704K, 74% used [0x00000000ec980000,0x00000000ecfcccf8,0x00000000ed200000)
  to   space 18432K, 0% used [0x00000000eae00000,0x00000000eae00000,0x00000000ec000000)
 ParOldGen       total 122880K, used 52174K [0x00000000a0000000, 0x00000000a7800000, 0x00000000e0000000)
  object space 122880K, 42% used [0x00000000a0000000,0x00000000a32f3bf8,0x00000000a7800000)
 Metaspace       used 83889K, capacity 87054K, committed 87256K, reserved 1126400K
  class space    used 10602K, capacity 11242K, committed 11264K, reserved 1048576K

Card table byte_map: [0x0000000011c10000,0x0000000011f20000] byte_map_base: 0x0000000011710000

Marking Bits: (ParMarkBitMap*) 0x000000006015f030
 Begin Bits: [0x0000000012520000, 0x0000000013d20000)
 End Bits:   [0x0000000013d20000, 0x0000000015520000)

Polling page: 0x0000000000cc0000

CodeCache: size=245760Kb used=48656Kb max_used=48656Kb free=197103Kb
 bounds [0x0000000002850000, 0x0000000005870000, 0x0000000011850000]
 total_blobs=14884 nmethods=14007 adapters=788
 compilation: enabled

Compilation events (10 events):
Event: 10543.154 Thread 0x0000000017952800 17508       3       org.gradle.api.internal.CompositeDomainObjectSet::size (37 bytes)
Event: 10543.156 Thread 0x0000000017952800 nmethod 17508 0x00000000053293d0 code [0x0000000005329620, 0x000000000532a4a8]
Event: 10543.156 Thread 0x0000000017952800 17511       3       com.google.common.collect.ImmutableSet$Builder::addAll (8 bytes)
Event: 10543.157 Thread 0x0000000017952800 nmethod 17511 0x00000000046e5c50 code [0x00000000046e5e40, 0x00000000046e67e8]
Event: 10543.157 Thread 0x0000000017952800 17503       3       org.gradle.model.internal.method.WeaklyTypeReferencingMethod$2::<init> (10 bytes)
Event: 10543.157 Thread 0x000000001621e000 nmethod 17498 0x0000000004b11790 code [0x0000000004b11960, 0x0000000004b121c8]
Event: 10543.157 Thread 0x000000001621e000 17499       4       org.gradle.model.internal.type.ClassTypeWrapper::isAssignableFrom (14 bytes)
Event: 10543.157 Thread 0x0000000017952800 nmethod 17503 0x0000000003c6ce10 code [0x0000000003c6cf60, 0x0000000003c6d130]
Event: 10543.159 Thread 0x0000000017952800 17513       1       org.gradle.initialization.DefaultBuildIdentity::getCurrentBuild (5 bytes)
Event: 10543.159 Thread 0x0000000017952800 nmethod 17513 0x000000000565e550 code [0x000000000565e6a0, 0x000000000565e7b0]

GC Heap History (10 events):
Event: 10418.070 GC heap before
{Heap before GC invocations=25 (full 3):
 PSYoungGen      total 219136K, used 219130K [0x00000000e0000000, 0x00000000eef80000, 0x0000000100000000)
  eden space 211456K, 100% used [0x00000000e0000000,0x00000000ece80000,0x00000000ece80000)
  from space 7680K, 99% used [0x00000000ed600000,0x00000000edd7e9d0,0x00000000edd80000)
  to   space 16896K, 0% used [0x00000000edf00000,0x00000000edf00000,0x00000000eef80000)
 ParOldGen       total 122880K, used 52134K [0x00000000a0000000, 0x00000000a7800000, 0x00000000e0000000)
  object space 122880K, 42% used [0x00000000a0000000,0x00000000a32e9bf8,0x00000000a7800000)
 Metaspace       used 82081K, capacity 85010K, committed 85080K, reserved 1124352K
  class space    used 10525K, capacity 11126K, committed 11136K, reserved 1048576K
Event: 10418.285 GC heap after
Heap after GC invocations=25 (full 3):
 PSYoungGen      total 212992K, used 4112K [0x00000000e0000000, 0x00000000ee780000, 0x0000000100000000)
  eden space 204288K, 0% used [0x00000000e0000000,0x00000000e0000000,0x00000000ec780000)
  from space 8704K, 47% used [0x00000000edf00000,0x00000000ee3040c0,0x00000000ee780000)
  to   space 16384K, 0% used [0x00000000ec780000,0x00000000ec780000,0x00000000ed780000)
 ParOldGen       total 122880K, used 52142K [0x00000000a0000000, 0x00000000a7800000, 0x00000000e0000000)
  object space 122880K, 42% used [0x00000000a0000000,0x00000000a32ebbf8,0x00000000a7800000)
 Metaspace       used 82081K, capacity 85010K, committed 85080K, reserved 1124352K
  class space    used 10525K, capacity 11126K, committed 11136K, reserved 1048576K
}
Event: 10427.797 GC heap before
{Heap before GC invocations=26 (full 3):
 PSYoungGen      total 212992K, used 208400K [0x00000000e0000000, 0x00000000ee780000, 0x0000000100000000)
  eden space 204288K, 100% used [0x00000000e0000000,0x00000000ec780000,0x00000000ec780000)
  from space 8704K, 47% used [0x00000000edf00000,0x00000000ee3040c0,0x00000000ee780000)
  to   space 16384K, 0% used [0x00000000ec780000,0x00000000ec780000,0x00000000ed780000)
 ParOldGen       total 122880K, used 52142K [0x00000000a0000000, 0x00000000a7800000, 0x00000000e0000000)
  object space 122880K, 42% used [0x00000000a0000000,0x00000000a32ebbf8,0x00000000a7800000)
 Metaspace       used 82305K, capacity 85244K, committed 85336K, reserved 1124352K
  class space    used 10529K, capacity 11133K, committed 11136K, reserved 1048576K
Event: 10427.841 GC heap after
Heap after GC invocations=26 (full 3):
 PSYoungGen      total 208896K, used 11514K [0x00000000e0000000, 0x00000000ee180000, 0x0000000100000000)
  eden space 197120K, 0% used [0x00000000e0000000,0x00000000e0000000,0x00000000ec080000)
  from space 11776K, 97% used [0x00000000ec780000,0x00000000ed2beb90,0x00000000ed300000)
  to   space 14848K, 0% used [0x00000000ed300000,0x00000000ed300000,0x00000000ee180000)
 ParOldGen       total 122880K, used 52150K [0x00000000a0000000, 0x00000000a7800000, 0x00000000e0000000)
  object space 122880K, 42% used [0x00000000a0000000,0x00000000a32edbf8,0x00000000a7800000)
 Metaspace       used 82305K, capacity 85244K, committed 85336K, reserved 1124352K
  class space    used 10529K, capacity 11133K, committed 11136K, reserved 1048576K
}
Event: 10439.453 GC heap before
{Heap before GC invocations=27 (full 3):
 PSYoungGen      total 208896K, used 208634K [0x00000000e0000000, 0x00000000ee180000, 0x0000000100000000)
  eden space 197120K, 100% used [0x00000000e0000000,0x00000000ec080000,0x00000000ec080000)
  from space 11776K, 97% used [0x00000000ec780000,0x00000000ed2beb90,0x00000000ed300000)
  to   space 14848K, 0% used [0x00000000ed300000,0x00000000ed300000,0x00000000ee180000)
 ParOldGen       total 122880K, used 52150K [0x00000000a0000000, 0x00000000a7800000, 0x00000000e0000000)
  object space 122880K, 42% used [0x00000000a0000000,0x00000000a32edbf8,0x00000000a7800000)
 Metaspace       used 83051K, capacity 86048K, committed 86232K, reserved 1124352K
  class space    used 10553K, capacity 11175K, committed 11264K, reserved 1048576K
Event: 10439.513 GC heap after
Heap after GC invocations=27 (full 3):
 PSYoungGen      total 203264K, used 12464K [0x00000000e0000000, 0x00000000edf80000, 0x0000000100000000)
  eden space 190464K, 0% used [0x00000000e0000000,0x00000000e0000000,0x00000000eba00000)
  from space 12800K, 97% used [0x00000000ed300000,0x00000000edf2c1d0,0x00000000edf80000)
  to   space 17920K, 0% used [0x00000000ebc80000,0x00000000ebc80000,0x00000000ece00000)
 ParOldGen       total 122880K, used 52158K [0x00000000a0000000, 0x00000000a7800000, 0x00000000e0000000)
  object space 122880K, 42% used [0x00000000a0000000,0x00000000a32efbf8,0x00000000a7800000)
 Metaspace       used 83051K, capacity 86048K, committed 86232K, reserved 1124352K
  class space    used 10553K, capacity 11175K, committed 11264K, reserved 1048576K
}
Event: 10443.057 GC heap before
{Heap before GC invocations=28 (full 3):
 PSYoungGen      total 203264K, used 202579K [0x00000000e0000000, 0x00000000edf80000, 0x0000000100000000)
  eden space 190464K, 99% used [0x00000000e0000000,0x00000000eb9a8be0,0x00000000eba00000)
  from space 12800K, 97% used [0x00000000ed300000,0x00000000edf2c1d0,0x00000000edf80000)
  to   space 17920K, 0% used [0x00000000ebc80000,0x00000000ebc80000,0x00000000ece00000)
 ParOldGen       total 122880K, used 52158K [0x00000000a0000000, 0x00000000a7800000, 0x00000000e0000000)
  object space 122880K, 42% used [0x00000000a0000000,0x00000000a32efbf8,0x00000000a7800000)
 Metaspace       used 83521K, capacity 86550K, committed 86744K, reserved 1124352K
  class space    used 10569K, capacity 11180K, committed 11264K, reserved 1048576K
Event: 10443.076 GC heap after
Heap after GC invocations=28 (full 3):
 PSYoungGen      total 197632K, used 13245K [0x00000000e0000000, 0x00000000ed900000, 0x0000000100000000)
  eden space 184320K, 0% used [0x00000000e0000000,0x00000000e0000000,0x00000000eb400000)
  from space 13312K, 99% used [0x00000000ebc80000,0x00000000ec96f740,0x00000000ec980000)
  to   space 15872K, 0% used [0x00000000ec980000,0x00000000ec980000,0x00000000ed900000)
 ParOldGen       total 122880K, used 52166K [0x00000000a0000000, 0x00000000a7800000, 0x00000000e0000000)
  object space 122880K, 42% used [0x00000000a0000000,0x00000000a32f1bf8,0x00000000a7800000)
 Metaspace       used 83521K, capacity 86550K, committed 86744K, reserved 1124352K
  class space    used 10569K, capacity 11180K, committed 11264K, reserved 1048576K
}
Event: 10541.972 GC heap before
{Heap before GC invocations=29 (full 3):
 PSYoungGen      total 197632K, used 197565K [0x00000000e0000000, 0x00000000ed900000, 0x0000000100000000)
  eden space 184320K, 100% used [0x00000000e0000000,0x00000000eb400000,0x00000000eb400000)
  from space 13312K, 99% used [0x00000000ebc80000,0x00000000ec96f740,0x00000000ec980000)
  to   space 15872K, 0% used [0x00000000ec980000,0x00000000ec980000,0x00000000ed900000)
 ParOldGen       total 122880K, used 52166K [0x00000000a0000000, 0x00000000a7800000, 0x00000000e0000000)
  object space 122880K, 42% used [0x00000000a0000000,0x00000000a32f1bf8,0x00000000a7800000)
 Metaspace       used 83806K, capacity 86966K, committed 87256K, reserved 1126400K
  class space    used 10594K, capacity 11228K, committed 11264K, reserved 1048576K
Event: 10541.984 GC heap after
Heap after GC invocations=29 (full 3):
 PSYoungGen      total 186880K, used 6451K [0x00000000e0000000, 0x00000000ed200000, 0x0000000100000000)
  eden space 178176K, 0% used [0x00000000e0000000,0x00000000e0000000,0x00000000eae00000)
  from space 8704K, 74% used [0x00000000ec980000,0x00000000ecfcccf8,0x00000000ed200000)
  to   space 18432K, 0% used [0x00000000eae00000,0x00000000eae00000,0x00000000ec000000)
 ParOldGen       total 122880K, used 52174K [0x00000000a0000000, 0x00000000a7800000, 0x00000000e0000000)
  object space 122880K, 42% used [0x00000000a0000000,0x00000000a32f3bf8,0x00000000a7800000)
 Metaspace       used 83806K, capacity 86966K, committed 87256K, reserved 1126400K
  class space    used 10594K, capacity 11228K, committed 11264K, reserved 1048576K
}

Deoptimization events (10 events):
Event: 10443.377 Thread 0x000000001c4a1800 Uncommon trap: reason=unstable_if action=reinterpret pc=0x000000000517073c method=java.lang.ref.SoftReference.get()Ljava/lang/Object; @ 6
Event: 10443.377 Thread 0x000000001c4a1800 Uncommon trap: reason=class_check action=maybe_recompile pc=0x0000000002c79390 method=java.util.concurrent.ConcurrentHashMap.replaceNode(Ljava/lang/Object;Ljava/lang/Object;Ljava/lang/Object;)Ljava/lang/Object; @ 147
Event: 10443.379 Thread 0x000000001c4a1800 Uncommon trap: reason=class_check action=maybe_recompile pc=0x0000000002c79390 method=java.util.concurrent.ConcurrentHashMap.replaceNode(Ljava/lang/Object;Ljava/lang/Object;Ljava/lang/Object;)Ljava/lang/Object; @ 147
Event: 10443.383 Thread 0x000000001c4a1800 Uncommon trap: reason=class_check action=maybe_recompile pc=0x0000000002c79390 method=java.util.concurrent.ConcurrentHashMap.replaceNode(Ljava/lang/Object;Ljava/lang/Object;Ljava/lang/Object;)Ljava/lang/Object; @ 147
Event: 10443.384 Thread 0x000000001c4a1800 Uncommon trap: reason=class_check action=maybe_recompile pc=0x0000000002c79390 method=java.util.concurrent.ConcurrentHashMap.replaceNode(Ljava/lang/Object;Ljava/lang/Object;Ljava/lang/Object;)Ljava/lang/Object; @ 147
Event: 10443.390 Thread 0x000000001c4a1800 Uncommon trap: reason=predicate action=maybe_recompile pc=0x0000000004fa2894 method=java.util.ComparableTimSort.binarySort([Ljava/lang/Object;III)V @ 37
Event: 10443.464 Thread 0x000000001c4a9000 Uncommon trap: reason=unstable_if action=reinterpret pc=0x0000000005160bec method=java.util.concurrent.locks.AbstractQueuedSynchronizer$ConditionObject.await()V @ 67
Event: 10443.464 Thread 0x000000001c4aa800 Uncommon trap: reason=unstable_if action=reinterpret pc=0x0000000005160bec method=java.util.concurrent.locks.AbstractQueuedSynchronizer$ConditionObject.await()V @ 67
Event: 10443.555 Thread 0x000000001c4a3000 Uncommon trap: reason=unstable_if action=reinterpret pc=0x00000000029cdda0 method=com.esotericsoftware.kryo.io.Input.require(I)I @ 117
Event: 10543.076 Thread 0x000000001e366000 Uncommon trap: reason=class_check action=maybe_recompile pc=0x0000000003da8df0 method=com.google.common.collect.AbstractMapBasedMultimap$WrappedCollection.refreshIfEmpty()V @ 40

Classes redefined (0 events):
No events

Internal exceptions (10 events):
Event: 10543.072 Thread 0x000000001e366000 Exception <a 'sun/nio/fs/WindowsException'> (0x00000000e2b62200) thrown at [C:\src\AOSP-openjdk-git\hotspot\src\share\vm\prims\jni.cpp, line 710]
Event: 10543.072 Thread 0x000000001e366000 Exception <a 'sun/nio/fs/WindowsException'> (0x00000000e2b62a18) thrown at [C:\src\AOSP-openjdk-git\hotspot\src\share\vm\prims\jni.cpp, line 710]
Event: 10543.073 Thread 0x000000001e366000 Exception <a 'sun/nio/fs/WindowsException'> (0x00000000e2b65a90) thrown at [C:\src\AOSP-openjdk-git\hotspot\src\share\vm\prims\jni.cpp, line 710]
Event: 10543.073 Thread 0x000000001e366000 Exception <a 'sun/nio/fs/WindowsException'> (0x00000000e2b662a8) thrown at [C:\src\AOSP-openjdk-git\hotspot\src\share\vm\prims\jni.cpp, line 710]
Event: 10543.073 Thread 0x000000001e366000 Exception <a 'sun/nio/fs/WindowsException'> (0x00000000e2b67e90) thrown at [C:\src\AOSP-openjdk-git\hotspot\src\share\vm\prims\jni.cpp, line 710]
Event: 10543.073 Thread 0x000000001e366000 Exception <a 'sun/nio/fs/WindowsException'> (0x00000000e2b686a8) thrown at [C:\src\AOSP-openjdk-git\hotspot\src\share\vm\prims\jni.cpp, line 710]
Event: 10543.074 Thread 0x000000001e366000 Exception <a 'sun/nio/fs/WindowsException'> (0x00000000e2b6ad50) thrown at [C:\src\AOSP-openjdk-git\hotspot\src\share\vm\prims\jni.cpp, line 710]
Event: 10543.074 Thread 0x000000001e366000 Exception <a 'sun/nio/fs/WindowsException'> (0x00000000e2b6b568) thrown at [C:\src\AOSP-openjdk-git\hotspot\src\share\vm\prims\jni.cpp, line 710]
Event: 10543.074 Thread 0x000000001e366000 Exception <a 'sun/nio/fs/WindowsException'> (0x00000000e2b6d1c8) thrown at [C:\src\AOSP-openjdk-git\hotspot\src\share\vm\prims\jni.cpp, line 710]
Event: 10543.074 Thread 0x000000001e366000 Exception <a 'sun/nio/fs/WindowsException'> (0x00000000e2b6d9e0) thrown at [C:\src\AOSP-openjdk-git\hotspot\src\share\vm\prims\jni.cpp, line 710]

Events (10 events):
Event: 10538.094 Executing VM operation: RevokeBias
Event: 10538.094 Executing VM operation: RevokeBias done
Event: 10538.136 Executing VM operation: RevokeBias
Event: 10538.136 Executing VM operation: RevokeBias done
Event: 10541.971 Executing VM operation: ParallelGCFailedAllocation
Event: 10541.984 Executing VM operation: ParallelGCFailedAllocation done
Event: 10543.076 Thread 0x000000001e366000 Uncommon trap: trap_request=0xffffffde fr.pc=0x0000000003da8df0
Event: 10543.076 Thread 0x000000001e366000 DEOPT PACKING pc=0x0000000003da8df0 sp=0x000000001a79bd50
Event: 10543.076 Thread 0x000000001e366000 DEOPT UNPACKING pc=0x000000000289557b sp=0x000000001a79bd00 mode 2
Event: 10543.157 Thread 0x000000001e370800 Thread added: 0x000000001e370800


Dynamic libraries:
0x00007ff73e1f0000 - 0x00007ff73e221000 	C:\Program Files\Android\Android Studio\jre\bin\java.exe
0x00007ff817f50000 - 0x00007ff818145000 	C:\Windows\SYSTEM32\ntdll.dll
0x00007ff8175a0000 - 0x00007ff81765d000 	C:\Windows\System32\KERNEL32.DLL
0x00007ff8158c0000 - 0x00007ff815b88000 	C:\Windows\System32\KERNELBASE.dll
0x00007ff816290000 - 0x00007ff81633c000 	C:\Windows\System32\ADVAPI32.dll
0x00007ff817de0000 - 0x00007ff817e7e000 	C:\Windows\System32\msvcrt.dll
0x00007ff8161f0000 - 0x00007ff81628b000 	C:\Windows\System32\sechost.dll
0x00007ff815fe0000 - 0x00007ff81610b000 	C:\Windows\System32\RPCRT4.dll
0x00007ff816d30000 - 0x00007ff816ed0000 	C:\Windows\System32\USER32.dll
0x00007ff815890000 - 0x00007ff8158b2000 	C:\Windows\System32\win32u.dll
0x00007ff817660000 - 0x00007ff81768a000 	C:\Windows\System32\GDI32.dll
0x00007ff815e70000 - 0x00007ff815f7b000 	C:\Windows\System32\gdi32full.dll
0x00007ff815660000 - 0x00007ff8156fd000 	C:\Windows\System32\msvcp_win.dll
0x00007ff815790000 - 0x00007ff815890000 	C:\Windows\System32\ucrtbase.dll
0x00007ff814a20000 - 0x00007ff814cba000 	C:\Windows\WinSxS\amd64_microsoft.windows.common-controls_6595b64144ccf1df_6.0.19041.844_none_ca00b6081b84eb1d\COMCTL32.dll
0x00007ff816d00000 - 0x00007ff816d30000 	C:\Windows\System32\IMM32.DLL
0x000000005ef30000 - 0x000000005f002000 	C:\Program Files\Android\Android Studio\jre\jre\bin\msvcr100.dll
0x000000005f990000 - 0x00000000601db000 	C:\Program Files\Android\Android Studio\jre\jre\bin\server\jvm.dll
0x00007ff816f40000 - 0x00007ff816f48000 	C:\Windows\System32\PSAPI.DLL
0x00007ff802e80000 - 0x00007ff802e89000 	C:\Windows\SYSTEM32\WSOCK32.dll
0x00007ff816ed0000 - 0x00007ff816f3b000 	C:\Windows\System32\WS2_32.dll
0x00007ff804f90000 - 0x00007ff804f9a000 	C:\Windows\SYSTEM32\VERSION.dll
0x00007ff806650000 - 0x00007ff806677000 	C:\Windows\SYSTEM32\WINMM.dll
0x00007ff80f3c0000 - 0x00007ff80f3cf000 	C:\Program Files\Android\Android Studio\jre\jre\bin\verify.dll
0x00007ff80f390000 - 0x00007ff80f3b9000 	C:\Program Files\Android\Android Studio\jre\jre\bin\java.dll
0x00007ff80f370000 - 0x00007ff80f386000 	C:\Program Files\Android\Android Studio\jre\jre\bin\zip.dll
0x00007ff816470000 - 0x00007ff816bb2000 	C:\Windows\System32\SHELL32.dll
0x00007ff813150000 - 0x00007ff8138e1000 	C:\Windows\SYSTEM32\windows.storage.dll
0x00007ff816f50000 - 0x00007ff8172a5000 	C:\Windows\System32\combase.dll
0x00007ff814980000 - 0x00007ff8149ac000 	C:\Windows\SYSTEM32\Wldp.dll
0x00007ff816bc0000 - 0x00007ff816c6e000 	C:\Windows\System32\SHCORE.dll
0x00007ff817470000 - 0x00007ff8174c5000 	C:\Windows\System32\shlwapi.dll
0x00007ff8155a0000 - 0x00007ff8155bf000 	C:\Windows\SYSTEM32\profapi.dll
0x00007ff80f350000 - 0x00007ff80f36a000 	C:\Program Files\Android\Android Studio\jre\jre\bin\net.dll
0x00007ff814860000 - 0x00007ff8148ca000 	C:\Windows\system32\mswsock.dll
0x00007ff80e770000 - 0x00007ff80e783000 	C:\Program Files\Android\Android Studio\jre\jre\bin\nio.dll
0x00007ffffee70000 - 0x00007ffffee8e000 	C:\Users\Admin\.gradle\native\25\windows-amd64\native-platform.dll
0x00007ff80f340000 - 0x00007ff80f34d000 	C:\Program Files\Android\Android Studio\jre\jre\bin\management.dll
0x00007ff815320000 - 0x00007ff815338000 	C:\Windows\SYSTEM32\CRYPTSP.dll
0x00007ff8140b0000 - 0x00007ff8140e4000 	C:\Windows\system32\rsaenh.dll
0x00007ff815700000 - 0x00007ff815727000 	C:\Windows\System32\bcrypt.dll
0x00007ff815560000 - 0x00007ff81558e000 	C:\Windows\SYSTEM32\USERENV.dll
0x00007ff815df0000 - 0x00007ff815e70000 	C:\Windows\System32\bcryptprimitives.dll
0x00007ff814940000 - 0x00007ff81494c000 	C:\Windows\SYSTEM32\CRYPTBASE.dll
0x00007ff8143e0000 - 0x00007ff81441b000 	C:\Windows\SYSTEM32\IPHLPAPI.DLL
0x00007ff817840000 - 0x00007ff817848000 	C:\Windows\System32\NSI.dll
0x00007ff80c140000 - 0x00007ff80c157000 	C:\Windows\SYSTEM32\dhcpcsvc6.DLL
0x00007ff80ce80000 - 0x00007ff80ce9d000 	C:\Windows\SYSTEM32\dhcpcsvc.DLL
0x00007ff814420000 - 0x00007ff8144ec000 	C:\Windows\SYSTEM32\DNSAPI.dll
0x00007ff815010000 - 0x00007ff8151f4000 	C:\Windows\SYSTEM32\dbghelp.dll

VM Arguments:
jvm_args: -Xmx1536m -Dfile.encoding=windows-1252 -Duser.country=US -Duser.language=en -Duser.variant 
java_command: org.gradle.launcher.daemon.bootstrap.GradleDaemon 4.6
java_class_path (initial): C:\Users\Admin\.gradle\wrapper\dists\gradle-4.6-all\bcst21l2brirad8k2ben1letg\gradle-4.6\lib\gradle-launcher-4.6.jar
Launcher Type: SUN_STANDARD

Environment Variables:
PATH=C:\Program Files\Common Files\Oracle\Java\javapath;C:\Program Files (x86)\Common Files\Oracle\Java\javapath;C:\Windows\system32;C:\Windows;C:\Windows\System32\Wbem;C:\Windows\System32\WindowsPowerShell\v1.0\;C:\Windows\System32\OpenSSH\;C:\Program Files\Microsoft SQL Server\Client SDK\ODBC\110\Tools\Binn\;C:\Program Files (x86)\Microsoft SQL Server\120\Tools\Binn\;C:\Program Files\Microsoft SQL Server\120\Tools\Binn\;C:\Program Files\Microsoft SQL Server\120\DTS\Binn\;C:\Program Files (x86)\Microsoft SQL Server\120\Tools\Binn\ManagementStudio\;C:\Program Files (x86)\Microsoft SQL Server\120\DTS\Binn\;C:\Program Files\Microsoft SQL Server\130\Tools\Binn\;C:\Program Files\dotnet\;C:\Program Files\Microsoft SQL Server\Client SDK\ODBC\170\Tools\Binn\;C:\Program Files\Git\cmd;C:\Program Files (x86)\dotnet\;C:\Program Files\TortoiseGit\bin;C:\Program Files\TortoiseSVN\bin;C:\Program Files\VisualSVN Server\bin;C:\Users\Admin\AppData\Local\Microsoft\WindowsApps;C:\Users\Admin\AppData\Local\GitHubDesktop\bin;C:\Users\Admin\.dotnet\tools;C:\Users\Admin\AppData\Local\Programs\Microsoft VS Code\bin;C:\Program Files\TestProject Agent
USERNAME=Admin
OS=Windows_NT
PROCESSOR_IDENTIFIER=Intel64 Family 6 Model 69 Stepping 1, GenuineIntel



---------------  S Y S T E M  ---------------

OS: Windows 10.0 , 64 bit Build 19041 (10.0.19041.928)

CPU:total 4 (initial active 4) (2 cores per cpu, 2 threads per core) family 6 model 69 stepping 1, cmov, cx8, fxsr, mmx, sse, sse2, sse3, ssse3, sse4.1, sse4.2, popcnt, avx, avx2, aes, clmul, erms, lzcnt, ht, tsc, tscinvbit, bmi1, bmi2

Memory: 4k page, physical 8291796k(636388k free), swap 19826132k(6629288k free)

vm_info: OpenJDK 64-Bit Server VM (25.242-b01) for windows-amd64 JRE (1.8.0_242-release-1644-b01), built by "builder" with MS VC++ 10.0 (VS2010)

time: Thu May 27 22:58:08 2021
timezone: SE Asia Standard Time
elapsed time: 10543 seconds (0d 2h 55m 43s)

